#
# There is insufficient memory for the Java Runtime Environment to continue.
# Native memory allocation (malloc) failed to allocate 160088 bytes for AllocateHeap
# Possible reasons:
#   The system is out of physical RAM or swap space
#   In 32 bit mode, the process size limit was hit
# Possible solutions:
#   Reduce memory load on the system
#   Increase physical memory or swap space
#   Check if swap backing store is full
#   Use 64 bit Java on a 64 bit OS
#   Decrease Java heap size (-Xmx/-Xms)
#   Decrease number of Java threads
#   Decrease Java thread stack sizes (-Xss)
#   Set larger code cache with -XX:ReservedCodeCacheSize=
# This output file may be truncated or incomplete.
#
#  Out of Memory Error (memory/allocation.inline.hpp:61), pid=37400, tid=23888
#
# JRE version:  (7.0_51-b13) (build )
# Java VM: Java HotSpot(TM) 64-Bit Server VM (24.51-b03 mixed mode windows-amd64 compressed oops)
# Failed to write core dump. Minidumps are not enabled by default on client versions of Windows
#

---------------  T H R E A D  ---------------

Current thread (0x0000000001bbd800):  JavaThread "Unknown thread" [_thread_in_vm, id=23888, stack(0x0000000002360000,0x0000000002460000)]

Stack: [0x0000000002360000,0x0000000002460000]

---------------  P R O C E S S  ---------------

Java Threads: ( => current thread )

Other Threads:

=>0x0000000001bbd800 (exited) JavaThread "Unknown thread" [_thread_in_vm, id=23888, stack(0x0000000002360000,0x0000000002460000)]

VM state:not at safepoint (not fully initialized)

VM Mutex/Monitor currently owned by a thread: None

GC Heap History (0 events):
No events

Deoptimization events (0 events):
No events

Internal exceptions (0 events):
No events

Events (0 events):
No events


Dynamic libraries:
0x000000013f190000 - 0x000000013f1c3000 	C:\Program Files\Java\jre7\bin\javaw.exe
0x0000000077790000 - 0x0000000077939000 	C:\Windows\SYSTEM32\ntdll.dll
0x0000000077670000 - 0x000000007778f000 	C:\Windows\system32\kernel32.dll
0x000007fefd7c0000 - 0x000007fefd82c000 	C:\Windows\system32\KERNELBASE.dll
0x000007fefdaf0000 - 0x000007fefdbcb000 	C:\Windows\system32\ADVAPI32.dll
0x000007feff7e0000 - 0x000007feff87f000 	C:\Windows\system32\msvcrt.dll
0x000007fefe7c0000 - 0x000007fefe7df000 	C:\Windows\SYSTEM32\sechost.dll
0x000007feff920000 - 0x000007feffa4d000 	C:\Windows\system32\RPCRT4.dll
0x0000000077570000 - 0x000000007766a000 	C:\Windows\system32\USER32.dll
0x000007fefdbd0000 - 0x000007fefdc37000 	C:\Windows\system32\GDI32.dll
0x000007fefe9c0000 - 0x000007fefe9ce000 	C:\Windows\system32\LPK.dll
0x000007fefd910000 - 0x000007fefd9d9000 	C:\Windows\system32\USP10.dll
0x000007fefbe70000 - 0x000007fefc064000 	C:\Windows\WinSxS\amd64_microsoft.windows.common-controls_6595b64144ccf1df_6.0.7601.17514_none_fa396087175ac9ac\COMCTL32.dll
0x000007fefe9d0000 - 0x000007fefea41000 	C:\Windows\system32\SHLWAPI.dll
0x000007feffa70000 - 0x000007feffa9e000 	C:\Windows\system32\IMM32.DLL
0x000007fefd9e0000 - 0x000007fefdae9000 	C:\Windows\system32\MSCTF.dll
0x0000000061bd0000 - 0x0000000061ca2000 	C:\Program Files\Java\jre7\bin\msvcr100.dll
0x000000006e5e0000 - 0x000000006eda9000 	C:\Program Files\Java\jre7\bin\server\jvm.dll
0x000007fef8bd0000 - 0x000007fef8bd9000 	C:\Windows\system32\WSOCK32.dll
0x000007fefddd0000 - 0x000007fefde1d000 	C:\Windows\system32\WS2_32.dll
0x000007fefe4e0000 - 0x000007fefe4e8000 	C:\Windows\system32\NSI.dll
0x000007fefabf0000 - 0x000007fefac2b000 	C:\Windows\system32\WINMM.dll
0x0000000077960000 - 0x0000000077967000 	C:\Windows\system32\PSAPI.DLL
0x00000000741c0000 - 0x00000000741cf000 	C:\Program Files\Java\jre7\bin\verify.dll
0x0000000064310000 - 0x0000000064338000 	C:\Program Files\Java\jre7\bin\java.dll
0x0000000064350000 - 0x0000000064365000 	C:\Program Files\Java\jre7\bin\zip.dll

VM Arguments:
jvm_args: -Dfile.encoding=Cp1252 
java_command: TheGameOfLifeRunner
Launcher Type: SUN_STANDARD

Environment Variables:
PATH=C:\Windows\system32;C:\Windows;C:\Windows\System32\Wbem;C:\Windows\System32\WindowsPowerShell\v1.0\;C:\Program Files\Intel\WiFi\bin\;C:\Program Files\Common Files\Intel\WirelessCommon\;c:\Program Files (x86)\Common Files\Roxio Shared\DLLShared\;C:\Program Files (x86)\QuickTime\QTSystem\
USERNAME=Novosel Family
OS=Windows_NT
PROCESSOR_IDENTIFIER=Intel64 Family 6 Model 37 Stepping 5, GenuineIntel



---------------  S Y S T E M  ---------------

OS: Windows 7 , 64 bit Build 7601 Service Pack 1

CPU:total 4 (2 cores per cpu, 2 threads per core) family 6 model 37 stepping 5, cmov, cx8, fxsr, mmx, sse, sse2, sse3, ssse3, sse4.1, sse4.2, popcnt, ht, tsc, tscinvbit

Memory: 4k page, physical 3985944k(882032k free), swap 15941916k(4360k free)

vm_info: Java HotSpot(TM) 64-Bit Server VM (24.51-b03) for windows-amd64 JRE (1.7.0_51-b13), built on Dec 18 2013 18:40:56 by "java_re" with unknown MS VC++:1600

time: Wed Feb 11 20:55:22 2015
elapsed time: 0 seconds

